mode: set
github.com/GabrielAp542/goTaskApi/handler/presenters/responses/tasks_response.go:13.47,34.2 2 1
github.com/GabrielAp542/goTaskApi/handler/presenters/responses/tasks_response.go:36.61,39.29 2 1
github.com/GabrielAp542/goTaskApi/handler/presenters/responses/tasks_response.go:39.29,60.3 1 1
github.com/GabrielAp542/goTaskApi/handler/presenters/responses/tasks_response.go:62.2,66.17 2 1
github.com/GabrielAp542/goTaskApi/handler/presenters/requests/task_request.go:46.69,50.16 3 1
github.com/GabrielAp542/goTaskApi/handler/presenters/requests/task_request.go:50.16,52.3 1 1
github.com/GabrielAp542/goTaskApi/handler/presenters/requests/task_request.go:53.2,57.22 5 1
github.com/GabrielAp542/goTaskApi/handler/presenters/requests/task_request.go:61.57,65.16 3 1
github.com/GabrielAp542/goTaskApi/handler/presenters/requests/task_request.go:65.16,67.3 1 1
github.com/GabrielAp542/goTaskApi/handler/presenters/requests/task_request.go:68.2,72.27 5 1
github.com/GabrielAp542/goTaskApi/setup/routes/routes.go:10.58,22.2 8 1
github.com/GabrielAp542/goTaskApi/setup/dependencies/dependencies.go:10.59,15.2 4 1
github.com/GabrielAp542/goTaskApi/internal/usecases/task_usecase.go:26.64,29.2 1 1
github.com/GabrielAp542/goTaskApi/internal/usecases/task_usecase.go:32.62,33.26 1 1
github.com/GabrielAp542/goTaskApi/internal/usecases/task_usecase.go:33.26,35.3 1 1
github.com/GabrielAp542/goTaskApi/internal/usecases/task_usecase.go:36.2,36.43 1 1
github.com/GabrielAp542/goTaskApi/internal/usecases/task_usecase.go:40.60,42.2 1 1
github.com/GabrielAp542/goTaskApi/internal/usecases/task_usecase.go:44.64,46.2 1 1
github.com/GabrielAp542/goTaskApi/internal/usecases/task_usecase.go:50.62,53.2 1 1
github.com/GabrielAp542/goTaskApi/internal/usecases/task_usecase.go:56.50,58.2 1 1
github.com/GabrielAp542/goTaskApi/internal/repositories/tasks_repository.go:15.53,17.2 1 1
github.com/GabrielAp542/goTaskApi/internal/repositories/tasks_repository.go:19.64,21.2 1 1
github.com/GabrielAp542/goTaskApi/internal/repositories/tasks_repository.go:23.62,26.2 2 1
github.com/GabrielAp542/goTaskApi/internal/repositories/tasks_repository.go:28.66,31.2 2 1
github.com/GabrielAp542/goTaskApi/internal/repositories/tasks_repository.go:33.64,36.2 1 1
github.com/GabrielAp542/goTaskApi/internal/repositories/tasks_repository.go:38.52,40.2 1 1
github.com/GabrielAp542/goTaskApi/setup/database/database.go:11.105,18.16 3 1
github.com/GabrielAp542/goTaskApi/setup/database/database.go:18.16,20.3 1 1
github.com/GabrielAp542/goTaskApi/setup/database/database.go:22.2,24.16 3 1
github.com/GabrielAp542/goTaskApi/setup/database/database.go:32.45,34.10 2 1
github.com/GabrielAp542/goTaskApi/setup/database/database.go:34.10,36.3 1 1
github.com/GabrielAp542/goTaskApi/setup/database/database.go:36.8,38.3 1 1
github.com/GabrielAp542/goTaskApi/setup/database/database.go:39.2,44.16 2 1
github.com/GabrielAp542/goTaskApi/handler/http/task_handler.go:22.67,24.2 1 1
github.com/GabrielAp542/goTaskApi/handler/http/task_handler.go:36.50,38.16 2 1
github.com/GabrielAp542/goTaskApi/handler/http/task_handler.go:38.16,41.3 2 1
github.com/GabrielAp542/goTaskApi/handler/http/task_handler.go:44.2,44.64 1 1
github.com/GabrielAp542/goTaskApi/handler/http/task_handler.go:44.64,47.3 2 1
github.com/GabrielAp542/goTaskApi/handler/http/task_handler.go:50.2,51.43 2 1
github.com/GabrielAp542/goTaskApi/handler/http/task_handler.go:62.48,64.16 2 1
github.com/GabrielAp542/goTaskApi/handler/http/task_handler.go:64.16,67.3 2 1
github.com/GabrielAp542/goTaskApi/handler/http/task_handler.go:68.2,69.38 2 1
github.com/GabrielAp542/goTaskApi/handler/http/task_handler.go:82.47,85.16 2 1
github.com/GabrielAp542/goTaskApi/handler/http/task_handler.go:85.16,88.3 2 1
github.com/GabrielAp542/goTaskApi/handler/http/task_handler.go:89.2,90.16 2 1
github.com/GabrielAp542/goTaskApi/handler/http/task_handler.go:90.16,93.3 2 1
github.com/GabrielAp542/goTaskApi/handler/http/task_handler.go:94.2,95.38 2 1
github.com/GabrielAp542/goTaskApi/handler/http/task_handler.go:111.50,113.16 2 1
github.com/GabrielAp542/goTaskApi/handler/http/task_handler.go:113.16,116.3 2 1
github.com/GabrielAp542/goTaskApi/handler/http/task_handler.go:118.2,119.16 2 1
github.com/GabrielAp542/goTaskApi/handler/http/task_handler.go:119.16,122.3 2 1
github.com/GabrielAp542/goTaskApi/handler/http/task_handler.go:124.2,125.64 2 1
github.com/GabrielAp542/goTaskApi/handler/http/task_handler.go:125.64,128.3 2 1
github.com/GabrielAp542/goTaskApi/handler/http/task_handler.go:130.2,131.38 2 1
github.com/GabrielAp542/goTaskApi/handler/http/task_handler.go:145.50,147.16 2 1
github.com/GabrielAp542/goTaskApi/handler/http/task_handler.go:147.16,150.3 2 1
github.com/GabrielAp542/goTaskApi/handler/http/task_handler.go:152.2,152.63 1 1
github.com/GabrielAp542/goTaskApi/handler/http/task_handler.go:152.63,155.3 2 1
