mode: set
github.com/GabrielAp542/goTask/cmd/database/database.go:11.105,18.16 3 1
github.com/GabrielAp542/goTask/cmd/database/database.go:18.16,20.3 1 1
github.com/GabrielAp542/goTask/cmd/database/database.go:22.2,24.16 3 1
github.com/GabrielAp542/goTask/handler/presenters/responses/tasks_response.go:13.47,34.2 2 1
github.com/GabrielAp542/goTask/handler/presenters/responses/tasks_response.go:36.61,39.29 2 1
github.com/GabrielAp542/goTask/handler/presenters/responses/tasks_response.go:39.29,60.3 1 1
github.com/GabrielAp542/goTask/handler/presenters/responses/tasks_response.go:62.2,66.17 2 1
github.com/GabrielAp542/goTask/handler/presenters/requests/task_request.go:24.71,28.16 3 1
github.com/GabrielAp542/goTask/handler/presenters/requests/task_request.go:28.16,30.3 1 1
github.com/GabrielAp542/goTask/handler/presenters/requests/task_request.go:31.2,35.22 5 1
github.com/GabrielAp542/goTask/handler/http/task_handler.go:22.67,24.2 1 1
github.com/GabrielAp542/goTask/handler/http/task_handler.go:28.50,31.16 2 1
github.com/GabrielAp542/goTask/handler/http/task_handler.go:31.16,34.3 2 1
github.com/GabrielAp542/goTask/handler/http/task_handler.go:37.2,37.64 1 1
github.com/GabrielAp542/goTask/handler/http/task_handler.go:37.64,40.3 2 1
github.com/GabrielAp542/goTask/handler/http/task_handler.go:43.2,44.43 2 1
github.com/GabrielAp542/goTask/handler/http/task_handler.go:47.48,49.16 2 1
github.com/GabrielAp542/goTask/handler/http/task_handler.go:49.16,52.3 2 0
github.com/GabrielAp542/goTask/handler/http/task_handler.go:53.2,54.38 2 1
github.com/GabrielAp542/goTask/handler/http/task_handler.go:58.47,61.16 2 1
github.com/GabrielAp542/goTask/handler/http/task_handler.go:61.16,64.3 2 1
github.com/GabrielAp542/goTask/handler/http/task_handler.go:65.2,66.16 2 1
github.com/GabrielAp542/goTask/handler/http/task_handler.go:66.16,69.3 2 1
github.com/GabrielAp542/goTask/handler/http/task_handler.go:70.2,71.38 2 0
github.com/GabrielAp542/goTask/handler/http/task_handler.go:76.50,78.16 2 1
github.com/GabrielAp542/goTask/handler/http/task_handler.go:78.16,81.3 2 1
github.com/GabrielAp542/goTask/handler/http/task_handler.go:83.2,84.16 2 0
github.com/GabrielAp542/goTask/handler/http/task_handler.go:84.16,87.3 2 0
github.com/GabrielAp542/goTask/handler/http/task_handler.go:89.2,90.64 2 0
github.com/GabrielAp542/goTask/handler/http/task_handler.go:90.64,93.3 2 0
github.com/GabrielAp542/goTask/handler/http/task_handler.go:95.2,96.38 2 0
github.com/GabrielAp542/goTask/handler/http/task_handler.go:99.50,101.16 2 1
github.com/GabrielAp542/goTask/handler/http/task_handler.go:101.16,104.3 2 1
github.com/GabrielAp542/goTask/handler/http/task_handler.go:106.2,106.63 1 1
github.com/GabrielAp542/goTask/handler/http/task_handler.go:106.63,109.3 2 0
github.com/GabrielAp542/goTask/internal/repositories/tasks_repository.go:15.53,17.2 1 1
github.com/GabrielAp542/goTask/internal/repositories/tasks_repository.go:19.64,21.2 1 1
github.com/GabrielAp542/goTask/internal/repositories/tasks_repository.go:23.62,26.2 2 1
github.com/GabrielAp542/goTask/internal/repositories/tasks_repository.go:28.66,31.2 2 1
github.com/GabrielAp542/goTask/internal/repositories/tasks_repository.go:33.64,35.2 1 1
github.com/GabrielAp542/goTask/internal/repositories/tasks_repository.go:37.52,39.2 1 1
github.com/GabrielAp542/goTask/internal/usecases/task_usecase.go:26.64,29.2 1 1
github.com/GabrielAp542/goTask/internal/usecases/task_usecase.go:32.62,33.26 1 1
github.com/GabrielAp542/goTask/internal/usecases/task_usecase.go:33.26,35.3 1 1
github.com/GabrielAp542/goTask/internal/usecases/task_usecase.go:36.2,36.43 1 1
github.com/GabrielAp542/goTask/internal/usecases/task_usecase.go:40.60,42.2 1 1
github.com/GabrielAp542/goTask/internal/usecases/task_usecase.go:44.64,46.2 1 1
github.com/GabrielAp542/goTask/internal/usecases/task_usecase.go:50.62,53.2 1 1
github.com/GabrielAp542/goTask/internal/usecases/task_usecase.go:56.50,58.2 1 1